<?xml version="1.0" encoding="UTF-8"?>
<testng-results skipped="0" failed="0" ignored="0" total="1" passed="1">
  <reporter-output>
  </reporter-output>
  <suite name="Default suite" duration-ms="38" started-at="2022-01-30T13:58:16Z" finished-at="2022-01-30T13:58:16Z">
    <groups>
    </groups>
    <test name="Default test" duration-ms="38" started-at="2022-01-30T13:58:16Z" finished-at="2022-01-30T13:58:16Z">
      <class name="b.NewTest">
        <test-method status="PASS" signature="beforeMethod()[pri:0, instance:b.NewTest@62ee68d8]" name="beforeMethod" is-config="true" duration-ms="6" started-at="2022-01-30T19:28:16Z" finished-at="2022-01-30T19:28:16Z">
          <reporter-output>
          </reporter-output>
        </test-method> <!-- beforeMethod -->
        <test-method status="PASS" signature="f()[pri:0, instance:b.NewTest@62ee68d8]" name="f" duration-ms="5" started-at="2022-01-30T19:28:16Z" finished-at="2022-01-30T19:28:16Z">
          <reporter-output>
          </reporter-output>
        </test-method> <!-- f -->
      </class> <!-- b.NewTest -->
    </test> <!-- Default test -->
  </suite> <!-- Default suite -->
</testng-results>
